# JRE version: Java(TM) SE Runtime Environment (17.0.7+8) (build 17.0.7+8-LTS-224)
# Java VM: Java HotSpot(TM) 64-Bit Server VM (17.0.7+8-LTS-224, mixed mode, emulated-client, sharing, tiered, compressed oops, compressed class ptrs, g1 gc, windows-amd64)
GC Precious Log:
 CPUs: 8 total, 8 available
 Memory: 16072M
 Large Page Support: Disabled
 NUMA Support: Disabled
 Compressed Oops: Enabled (32-bit)
 Heap Region Size: 1M
 Heap Min Capacity: 8M
 Heap Initial Capacity: 252M
 Heap Max Capacity: 1G
 Pre-touch: Disabled
 Parallel Workers: 8
 Concurrent Workers: 2
 Concurrent Refinement Workers: 8
 Periodic GC: Disabled
Heap:
 garbage-first heap   total 102400K, used 29622K [0x00000000c0000000, 0x0000000100000000)
  region size 1024K, 1 young (1024K), 0 survivors (0K)
 Metaspace       used 48044K, committed 48512K, reserved 1097728K
  class space    used 6155K, committed 6400K, reserved 1048576K
GC Heap History (20 events):
Event: 614.873 GC heap before
{Heap before GC invocations=55 (full 25):
 garbage-first heap   total 102400K, used 29610K [0x00000000c0000000, 0x0000000100000000)
  region size 1024K, 1 young (1024K), 0 survivors (0K)
 Metaspace       used 48034K, committed 48512K, reserved 1097728K
  class space    used 6152K, committed 6400K, reserved 1048576K
}
Event: 614.892 GC heap after
{Heap after GC invocations=56 (full 26):
 garbage-first heap   total 102400K, used 29610K [0x00000000c0000000, 0x0000000100000000)
  region size 1024K, 0 young (0K), 0 survivors (0K)
 Metaspace       used 48034K, committed 48512K, reserved 1097728K
  class space    used 6152K, committed 6400K, reserved 1048576K
}
Event: 624.978 GC heap before
{Heap before GC invocations=56 (full 26):
 garbage-first heap   total 102400K, used 29610K [0x00000000c0000000, 0x0000000100000000)
  region size 1024K, 1 young (1024K), 0 survivors (0K)
 Metaspace       used 48034K, committed 48512K, reserved 1097728K
  class space    used 6152K, committed 6400K, reserved 1048576K
}
Event: 625.000 GC heap after
{Heap after GC invocations=57 (full 27):
 garbage-first heap   total 102400K, used 29610K [0x00000000c0000000, 0x0000000100000000)
  region size 1024K, 0 young (0K), 0 survivors (0K)
 Metaspace       used 48034K, committed 48512K, reserved 1097728K
  class space    used 6152K, committed 6400K, reserved 1048576K
}
Event: 635.088 GC heap before
{Heap before GC invocations=57 (full 27):
 garbage-first heap   total 102400K, used 29610K [0x00000000c0000000, 0x0000000100000000)
  region size 1024K, 1 young (1024K), 0 survivors (0K)
 Metaspace       used 48034K, committed 48512K, reserved 1097728K
  class space    used 6152K, committed 6400K, reserved 1048576K
}
Event: 635.106 GC heap after
{Heap after GC invocations=58 (full 28):
 garbage-first heap   total 102400K, used 29610K [0x00000000c0000000, 0x0000000100000000)
  region size 1024K, 0 young (0K), 0 survivors (0K)
 Metaspace       used 48034K, committed 48512K, reserved 1097728K
  class space    used 6152K, committed 6400K, reserved 1048576K
}
Event: 675.233 GC heap before
{Heap before GC invocations=58 (full 28):
 garbage-first heap   total 102400K, used 32682K [0x00000000c0000000, 0x0000000100000000)
  region size 1024K, 4 young (4096K), 0 survivors (0K)
 Metaspace       used 48034K, committed 48512K, reserved 1097728K
  class space    used 6152K, committed 6400K, reserved 1048576K
}
Event: 675.252 GC heap after
{Heap after GC invocations=59 (full 29):
 garbage-first heap   total 102400K, used 29622K [0x00000000c0000000, 0x0000000100000000)
  region size 1024K, 0 young (0K), 0 survivors (0K)
 Metaspace       used 48034K, committed 48512K, reserved 1097728K
  class space    used 6152K, committed 6400K, reserved 1048576K
}
Event: 685.328 GC heap before
{Heap before GC invocations=59 (full 29):
 garbage-first heap   total 102400K, used 29622K [0x00000000c0000000, 0x0000000100000000)
  region size 1024K, 1 young (1024K), 0 survivors (0K)
 Metaspace       used 48034K, committed 48512K, reserved 1097728K
  class space    used 6152K, committed 6400K, reserved 1048576K
}
Event: 685.347 GC heap after
{Heap after GC invocations=60 (full 30):
 garbage-first heap   total 102400K, used 29622K [0x00000000c0000000, 0x0000000100000000)
  region size 1024K, 0 young (0K), 0 survivors (0K)
 Metaspace       used 48034K, committed 48512K, reserved 1097728K
  class space    used 6152K, committed 6400K, reserved 1048576K
}
Event: 725.473 GC heap before
{Heap before GC invocations=60 (full 30):
 garbage-first heap   total 102400K, used 29622K [0x00000000c0000000, 0x0000000100000000)
  region size 1024K, 1 young (1024K), 0 survivors (0K)
 Metaspace       used 48044K, committed 48512K, reserved 1097728K
  class space    used 6155K, committed 6400K, reserved 1048576K
}
Event: 725.496 GC heap after
{Heap after GC invocations=61 (full 31):
 garbage-first heap   total 102400K, used 29633K [0x00000000c0000000, 0x0000000100000000)
  region size 1024K, 0 young (0K), 0 survivors (0K)
 Metaspace       used 48044K, committed 48512K, reserved 1097728K
  class space    used 6155K, committed 6400K, reserved 1048576K
}
Event: 735.590 GC heap before
{Heap before GC invocations=61 (full 31):
 garbage-first heap   total 102400K, used 29633K [0x00000000c0000000, 0x0000000100000000)
  region size 1024K, 1 young (1024K), 0 survivors (0K)
 Metaspace       used 48044K, committed 48512K, reserved 1097728K
  class space    used 6155K, committed 6400K, reserved 1048576K
}
Event: 735.613 GC heap after
{Heap after GC invocations=62 (full 32):
 garbage-first heap   total 102400K, used 29625K [0x00000000c0000000, 0x0000000100000000)
  region size 1024K, 0 young (0K), 0 survivors (0K)
 Metaspace       used 48044K, committed 48512K, reserved 1097728K
  class space    used 6155K, committed 6400K, reserved 1048576K
}
Event: 745.712 GC heap before
{Heap before GC invocations=62 (full 32):
 garbage-first heap   total 102400K, used 29625K [0x00000000c0000000, 0x0000000100000000)
  region size 1024K, 1 young (1024K), 0 survivors (0K)
 Metaspace       used 48044K, committed 48512K, reserved 1097728K
  class space    used 6155K, committed 6400K, reserved 1048576K
}
Event: 745.734 GC heap after
{Heap after GC invocations=63 (full 33):
 garbage-first heap   total 102400K, used 29625K [0x00000000c0000000, 0x0000000100000000)
  region size 1024K, 0 young (0K), 0 survivors (0K)
 Metaspace       used 48044K, committed 48512K, reserved 1097728K
  class space    used 6155K, committed 6400K, reserved 1048576K
}
Event: 755.813 GC heap before
{Heap before GC invocations=63 (full 33):
 garbage-first heap   total 102400K, used 29625K [0x00000000c0000000, 0x0000000100000000)
  region size 1024K, 1 young (1024K), 0 survivors (0K)
 Metaspace       used 48044K, committed 48512K, reserved 1097728K
  class space    used 6155K, committed 6400K, reserved 1048576K
}
Event: 755.831 GC heap after
{Heap after GC invocations=64 (full 34):
 garbage-first heap   total 102400K, used 29622K [0x00000000c0000000, 0x0000000100000000)
  region size 1024K, 0 young (0K), 0 survivors (0K)
 Metaspace       used 48044K, committed 48512K, reserved 1097728K
  class space    used 6155K, committed 6400K, reserved 1048576K
}
Event: 765.913 GC heap before
{Heap before GC invocations=64 (full 34):
 garbage-first heap   total 102400K, used 29622K [0x00000000c0000000, 0x0000000100000000)
  region size 1024K, 1 young (1024K), 0 survivors (0K)
 Metaspace       used 48044K, committed 48512K, reserved 1097728K
  class space    used 6155K, committed 6400K, reserved 1048576K
}
Event: 765.933 GC heap after
{Heap after GC invocations=65 (full 35):
 garbage-first heap   total 102400K, used 29622K [0x00000000c0000000, 0x0000000100000000)
  region size 1024K, 0 young (0K), 0 survivors (0K)
 Metaspace       used 48044K, committed 48512K, reserved 1097728K
  class space    used 6155K, committed 6400K, reserved 1048576K
}

